INFO:root:Writing spam:eggs to snippets.csv
DEBUG:root:Opening file
DEBUG:root:Writing snippet to file
DEBUG:root:Write sucessful
INFO:root:Starting snippets
INFO:root:Constructing parser
INFO:root:Starting snippets
INFO:root:Constructing parser
DEBUG:root:Constructing put subparser
INFO:root:Starting snippets
INFO:root:Constructing parser
DEBUG:root:Constructing put subparser
INFO:root:Writing josh:here to snippets.csv
DEBUG:root:Opening file
DEBUG:root:Writing snippet to file
DEBUG:root:Write sucessful
INFO:root:Starting snippets
INFO:root:Constructing parser
DEBUG:root:Constructing put subparser
INFO:root:Writing hello:world to snippets.csv
DEBUG:root:Opening file
DEBUG:root:Writing snippet to file
DEBUG:root:Write sucessful
INFO:root:Starting snippets
INFO:root:Constructing parser
DEBUG:root:Constructing put subparser
INFO:root:Starting snippets
INFO:root:Constructing parser
DEBUG:root:Constructing put subparser
DEBUG:root:Constructing get subparser
INFO:root:Searching for josh
DEBUG:root:Opening file
INFO:root:Starting snippets
INFO:root:Constructing parser
DEBUG:root:Constructing put subparser
DEBUG:root:Constructing get subparser
INFO:root:Searching for josh
DEBUG:root:Opening file
INFO:root:Starting snippets
INFO:root:Constructing parser
DEBUG:root:Constructing put subparser
DEBUG:root:Constructing get subparser
INFO:root:Searching for josh
DEBUG:root:Opening file
INFO:root:Starting snippets
INFO:root:Constructing parser
DEBUG:root:Constructing put subparser
DEBUG:root:Constructing get subparser
INFO:root:Searching for josh
DEBUG:root:Opening file
INFO:root:Starting snippets
INFO:root:Constructing parser
DEBUG:root:Constructing put subparser
DEBUG:root:Constructing get subparser
INFO:root:Searching for josh
DEBUG:root:Opening file
INFO:root:Starting snippets
INFO:root:Constructing parser
DEBUG:root:Constructing put subparser
DEBUG:root:Constructing get subparser
INFO:root:Searching for spam
DEBUG:root:Opening file
INFO:root:Starting snippets
INFO:root:Constructing parser
DEBUG:root:Constructing put subparser
DEBUG:root:Constructing get subparser
INFO:root:Searching for spam
DEBUG:root:Opening file
INFO:root:Starting snippets
INFO:root:Constructing parser
DEBUG:root:Constructing put subparser
DEBUG:root:Constructing get subparser
INFO:root:Searching for hello
DEBUG:root:Opening file
